<?xml version="1.0" encoding="UTF-8"?>
<testng-results skipped="0" failed="2" ignored="0" total="6" passed="4">
  <reporter-output>
  </reporter-output>
  <suite name="Default suite" duration-ms="1267" started-at="2018-07-22T00:36:59Z" finished-at="2018-07-22T00:37:00Z">
    <groups>
    </groups>
    <test name="Default test" duration-ms="1267" started-at="2018-07-22T00:36:59Z" finished-at="2018-07-22T00:37:00Z">
      <class name="com.qa.api.test.SplunkClientTest">
        <test-method status="PASS" signature="setUp()[pri:0, instance:com.qa.api.test.SplunkClientTest@20e2cbe0]" name="setUp" is-config="true" duration-ms="776" started-at="2018-07-22T00:36:59Z" finished-at="2018-07-22T00:36:59Z">
          <reporter-output>
          </reporter-output>
        </test-method> <!-- setUp -->
        <test-method status="FAIL" signature="testSpl001()[pri:0, instance:com.qa.api.test.SplunkClientTest@20e2cbe0]" name="testSpl001" duration-ms="5" started-at="2018-07-22T00:36:59Z" finished-at="2018-07-22T00:36:59Z">
          <exception class="java.lang.AssertionError">
            <message>
              <![CDATA[expected [true] but found [false]]]>
            </message>
            <full-stacktrace>
              <![CDATA[java.lang.AssertionError: expected [true] but found [false]
at org.testng.Assert.fail(Assert.java:96)
at org.testng.Assert.failNotEquals(Assert.java:776)
at org.testng.Assert.assertTrue(Assert.java:44)
at org.testng.Assert.assertTrue(Assert.java:54)
at com.qa.api.test.SplunkClientTest.testSpl001(SplunkClientTest.java:58)
at sun.reflect.NativeMethodAccessorImpl.invoke0(Native Method)
at sun.reflect.NativeMethodAccessorImpl.invoke(NativeMethodAccessorImpl.java:62)
at sun.reflect.DelegatingMethodAccessorImpl.invoke(DelegatingMethodAccessorImpl.java:43)
at java.lang.reflect.Method.invoke(Method.java:498)
at org.testng.internal.MethodInvocationHelper.invokeMethod(MethodInvocationHelper.java:124)
at org.testng.internal.Invoker.invokeMethod(Invoker.java:583)
at org.testng.internal.Invoker.invokeTestMethod(Invoker.java:719)
at org.testng.internal.Invoker.invokeTestMethods(Invoker.java:989)
at org.testng.internal.TestMethodWorker.invokeTestMethods(TestMethodWorker.java:125)
at org.testng.internal.TestMethodWorker.run(TestMethodWorker.java:109)
at org.testng.TestRunner.privateRun(TestRunner.java:648)
at org.testng.TestRunner.run(TestRunner.java:505)
at org.testng.SuiteRunner.runTest(SuiteRunner.java:455)
at org.testng.SuiteRunner.runSequentially(SuiteRunner.java:450)
at org.testng.SuiteRunner.privateRun(SuiteRunner.java:415)
at org.testng.SuiteRunner.run(SuiteRunner.java:364)
at org.testng.SuiteRunnerWorker.runSuite(SuiteRunnerWorker.java:52)
at org.testng.SuiteRunnerWorker.run(SuiteRunnerWorker.java:84)
at org.testng.TestNG.runSuitesSequentially(TestNG.java:1208)
at org.testng.TestNG.runSuitesLocally(TestNG.java:1137)
at org.testng.TestNG.runSuites(TestNG.java:1049)
at org.testng.TestNG.run(TestNG.java:1017)
at org.testng.remote.AbstractRemoteTestNG.run(AbstractRemoteTestNG.java:114)
at org.testng.remote.RemoteTestNG.initAndRun(RemoteTestNG.java:251)
at org.testng.remote.RemoteTestNG.main(RemoteTestNG.java:77)
]]>
            </full-stacktrace>
          </exception> <!-- java.lang.AssertionError -->
          <reporter-output>
          </reporter-output>
        </test-method> <!-- testSpl001 -->
        <test-method status="PASS" signature="tearDown()[pri:0, instance:com.qa.api.test.SplunkClientTest@20e2cbe0]" name="tearDown" is-config="true" duration-ms="1" started-at="2018-07-22T00:36:59Z" finished-at="2018-07-22T00:36:59Z">
          <reporter-output>
          </reporter-output>
        </test-method> <!-- tearDown -->
        <test-method status="PASS" signature="setUp()[pri:0, instance:com.qa.api.test.SplunkClientTest@20e2cbe0]" name="setUp" is-config="true" duration-ms="88" started-at="2018-07-22T00:36:59Z" finished-at="2018-07-22T00:37:00Z">
          <reporter-output>
          </reporter-output>
        </test-method> <!-- setUp -->
        <test-method status="FAIL" signature="testSpl002()[pri:0, instance:com.qa.api.test.SplunkClientTest@20e2cbe0]" name="testSpl002" duration-ms="1" started-at="2018-07-22T00:37:00Z" finished-at="2018-07-22T00:37:00Z">
          <exception class="java.lang.AssertionError">
            <message>
              <![CDATA[Path not found with https:// expected [true] but found [false]]]>
            </message>
            <full-stacktrace>
              <![CDATA[java.lang.AssertionError: Path not found with https:// expected [true] but found [false]
at org.testng.Assert.fail(Assert.java:96)
at org.testng.Assert.failNotEquals(Assert.java:776)
at org.testng.Assert.assertTrue(Assert.java:44)
at com.qa.api.test.SplunkClientTest.testSpl002(SplunkClientTest.java:71)
at sun.reflect.NativeMethodAccessorImpl.invoke0(Native Method)
at sun.reflect.NativeMethodAccessorImpl.invoke(NativeMethodAccessorImpl.java:62)
at sun.reflect.DelegatingMethodAccessorImpl.invoke(DelegatingMethodAccessorImpl.java:43)
at java.lang.reflect.Method.invoke(Method.java:498)
at org.testng.internal.MethodInvocationHelper.invokeMethod(MethodInvocationHelper.java:124)
at org.testng.internal.Invoker.invokeMethod(Invoker.java:583)
at org.testng.internal.Invoker.invokeTestMethod(Invoker.java:719)
at org.testng.internal.Invoker.invokeTestMethods(Invoker.java:989)
at org.testng.internal.TestMethodWorker.invokeTestMethods(TestMethodWorker.java:125)
at org.testng.internal.TestMethodWorker.run(TestMethodWorker.java:109)
at org.testng.TestRunner.privateRun(TestRunner.java:648)
at org.testng.TestRunner.run(TestRunner.java:505)
at org.testng.SuiteRunner.runTest(SuiteRunner.java:455)
at org.testng.SuiteRunner.runSequentially(SuiteRunner.java:450)
at org.testng.SuiteRunner.privateRun(SuiteRunner.java:415)
at org.testng.SuiteRunner.run(SuiteRunner.java:364)
at org.testng.SuiteRunnerWorker.runSuite(SuiteRunnerWorker.java:52)
at org.testng.SuiteRunnerWorker.run(SuiteRunnerWorker.java:84)
at org.testng.TestNG.runSuitesSequentially(TestNG.java:1208)
at org.testng.TestNG.runSuitesLocally(TestNG.java:1137)
at org.testng.TestNG.runSuites(TestNG.java:1049)
at org.testng.TestNG.run(TestNG.java:1017)
at org.testng.remote.AbstractRemoteTestNG.run(AbstractRemoteTestNG.java:114)
at org.testng.remote.RemoteTestNG.initAndRun(RemoteTestNG.java:251)
at org.testng.remote.RemoteTestNG.main(RemoteTestNG.java:77)
]]>
            </full-stacktrace>
          </exception> <!-- java.lang.AssertionError -->
          <reporter-output>
          </reporter-output>
        </test-method> <!-- testSpl002 -->
        <test-method status="PASS" signature="setUp()[pri:0, instance:com.qa.api.test.SplunkClientTest@20e2cbe0]" name="setUp" is-config="true" duration-ms="89" started-at="2018-07-22T00:37:00Z" finished-at="2018-07-22T00:37:00Z">
          <reporter-output>
          </reporter-output>
        </test-method> <!-- setUp -->
        <test-method status="PASS" signature="tearDown()[pri:0, instance:com.qa.api.test.SplunkClientTest@20e2cbe0]" name="tearDown" is-config="true" duration-ms="0" started-at="2018-07-22T00:37:00Z" finished-at="2018-07-22T00:37:00Z">
          <reporter-output>
          </reporter-output>
        </test-method> <!-- tearDown -->
        <test-method status="PASS" signature="testSpl003()[pri:0, instance:com.qa.api.test.SplunkClientTest@20e2cbe0]" name="testSpl003" duration-ms="4" started-at="2018-07-22T00:37:00Z" finished-at="2018-07-22T00:37:00Z">
          <reporter-output>
          </reporter-output>
        </test-method> <!-- testSpl003 -->
        <test-method status="PASS" signature="tearDown()[pri:0, instance:com.qa.api.test.SplunkClientTest@20e2cbe0]" name="tearDown" is-config="true" duration-ms="0" started-at="2018-07-22T00:37:00Z" finished-at="2018-07-22T00:37:00Z">
          <reporter-output>
          </reporter-output>
        </test-method> <!-- tearDown -->
        <test-method status="PASS" signature="setUp()[pri:0, instance:com.qa.api.test.SplunkClientTest@20e2cbe0]" name="setUp" is-config="true" duration-ms="86" started-at="2018-07-22T00:37:00Z" finished-at="2018-07-22T00:37:00Z">
          <reporter-output>
          </reporter-output>
        </test-method> <!-- setUp -->
        <test-method status="PASS" signature="testSpl004()[pri:0, instance:com.qa.api.test.SplunkClientTest@20e2cbe0]" name="testSpl004" duration-ms="12" started-at="2018-07-22T00:37:00Z" finished-at="2018-07-22T00:37:00Z">
          <reporter-output>
          </reporter-output>
        </test-method> <!-- testSpl004 -->
        <test-method status="PASS" signature="tearDown()[pri:0, instance:com.qa.api.test.SplunkClientTest@20e2cbe0]" name="tearDown" is-config="true" duration-ms="0" started-at="2018-07-22T00:37:00Z" finished-at="2018-07-22T00:37:00Z">
          <reporter-output>
          </reporter-output>
        </test-method> <!-- tearDown -->
        <test-method status="PASS" signature="setUp()[pri:0, instance:com.qa.api.test.SplunkClientTest@20e2cbe0]" name="setUp" is-config="true" duration-ms="87" started-at="2018-07-22T00:37:00Z" finished-at="2018-07-22T00:37:00Z">
          <reporter-output>
          </reporter-output>
        </test-method> <!-- setUp -->
        <test-method status="PASS" signature="testSpl005()[pri:0, instance:com.qa.api.test.SplunkClientTest@20e2cbe0]" name="testSpl005" duration-ms="1" started-at="2018-07-22T00:37:00Z" finished-at="2018-07-22T00:37:00Z">
          <reporter-output>
          </reporter-output>
        </test-method> <!-- testSpl005 -->
        <test-method status="PASS" signature="setUp()[pri:0, instance:com.qa.api.test.SplunkClientTest@20e2cbe0]" name="setUp" is-config="true" duration-ms="88" started-at="2018-07-22T00:37:00Z" finished-at="2018-07-22T00:37:00Z">
          <reporter-output>
          </reporter-output>
        </test-method> <!-- setUp -->
        <test-method status="PASS" signature="tearDown()[pri:0, instance:com.qa.api.test.SplunkClientTest@20e2cbe0]" name="tearDown" is-config="true" duration-ms="0" started-at="2018-07-22T00:37:00Z" finished-at="2018-07-22T00:37:00Z">
          <reporter-output>
          </reporter-output>
        </test-method> <!-- tearDown -->
        <test-method status="PASS" signature="testSpl006()[pri:0, instance:com.qa.api.test.SplunkClientTest@20e2cbe0]" name="testSpl006" duration-ms="5" started-at="2018-07-22T00:37:00Z" finished-at="2018-07-22T00:37:00Z">
          <reporter-output>
          </reporter-output>
        </test-method> <!-- testSpl006 -->
        <test-method status="PASS" signature="tearDown()[pri:0, instance:com.qa.api.test.SplunkClientTest@20e2cbe0]" name="tearDown" is-config="true" duration-ms="1" started-at="2018-07-22T00:37:00Z" finished-at="2018-07-22T00:37:00Z">
          <reporter-output>
          </reporter-output>
        </test-method> <!-- tearDown -->
      </class> <!-- com.qa.api.test.SplunkClientTest -->
    </test> <!-- Default test -->
  </suite> <!-- Default suite -->
</testng-results>
